This is pdfTeX, Version 3.14159265-2.6-1.40.17 (TeX Live 2016) (preloaded format=pdflatex 2017.5.23)  9 MAY 2020 15:08
entering extended mode
 restricted \write18 enabled.
 %&-line parsing enabled.
**paper_PLOS_draft.tex
(./paper_PLOS_draft.tex
LaTeX2e <2017/01/01> patch level 3
Babel <3.9r> and hyphenation patterns for 55 language(s) loaded.
(/software/texlive-2017-el7-x86_64/texmf-dist/tex/latex/base/article.cls
Document Class: article 2014/09/29 v1.4h Standard LaTeX document class
(/software/texlive-2017-el7-x86_64/texmf-dist/tex/latex/base/size10.clo
File: size10.clo 2014/09/29 v1.4h Standard LaTeX file (size option)
)
\c@part=\count79
\c@section=\count80
\c@subsection=\count81
\c@subsubsection=\count82
\c@paragraph=\count83
\c@subparagraph=\count84
\c@figure=\count85
\c@table=\count86
\abovecaptionskip=\skip41
\belowcaptionskip=\skip42
\bibindent=\dimen102
) (/software/texlive-2017-el7-x86_64/texmf-dist/tex/latex/geometry/geometry.sty
Package: geometry 2010/09/12 v5.6 Page Geometry
(/software/texlive-2017-el7-x86_64/texmf-dist/tex/latex/graphics/keyval.sty
Package: keyval 2014/10/28 v1.15 key=value parser (DPC)
\KV@toks@=\toks14
) (/software/texlive-2017-el7-x86_64/texmf-dist/tex/generic/oberdiek/ifpdf.sty
Package: ifpdf 2017/03/15 v3.2 Provides the ifpdf switch
) (/software/texlive-2017-el7-x86_64/texmf-dist/tex/generic/oberdiek/ifvtex.sty
Package: ifvtex 2016/05/16 v1.6 Detect VTeX and its facilities (HO)
Package ifvtex Info: VTeX not detected.
) (/software/texlive-2017-el7-x86_64/texmf-dist/tex/generic/ifxetex/ifxetex.sty
Package: ifxetex 2010/09/12 v0.6 Provides ifxetex conditional
)
\Gm@cnth=\count87
\Gm@cntv=\count88
\c@Gm@tempcnt=\count89
\Gm@bindingoffset=\dimen103
\Gm@wd@mp=\dimen104
\Gm@odd@mp=\dimen105
\Gm@even@mp=\dimen106
\Gm@layoutwidth=\dimen107
\Gm@layoutheight=\dimen108
\Gm@layouthoffset=\dimen109
\Gm@layoutvoffset=\dimen110
\Gm@dimlist=\toks15
) (/software/texlive-2017-el7-x86_64/texmf-dist/tex/latex/amsmath/amsmath.sty
Package: amsmath 2016/11/05 v2.16a AMS math features
\@mathmargin=\skip43
For additional information on amsmath, use the `?' option.
(/software/texlive-2017-el7-x86_64/texmf-dist/tex/latex/amsmath/amstext.sty
Package: amstext 2000/06/29 v2.01 AMS text
(/software/texlive-2017-el7-x86_64/texmf-dist/tex/latex/amsmath/amsgen.sty
File: amsgen.sty 1999/11/30 v2.0 generic functions
\@emptytoks=\toks16
\ex@=\dimen111
)) (/software/texlive-2017-el7-x86_64/texmf-dist/tex/latex/amsmath/amsbsy.sty
Package: amsbsy 1999/11/29 v1.2d Bold Symbols
\pmbraise@=\dimen112
) (/software/texlive-2017-el7-x86_64/texmf-dist/tex/latex/amsmath/amsopn.sty
Package: amsopn 2016/03/08 v2.02 operator names
)
\inf@bad=\count90
LaTeX Info: Redefining \frac on input line 213.
\uproot@=\count91
\leftroot@=\count92
LaTeX Info: Redefining \overline on input line 375.
\classnum@=\count93
\DOTSCASE@=\count94
LaTeX Info: Redefining \ldots on input line 472.
LaTeX Info: Redefining \dots on input line 475.
LaTeX Info: Redefining \cdots on input line 596.
\Mathstrutbox@=\box26
\strutbox@=\box27
\big@size=\dimen113
LaTeX Font Info:    Redeclaring font encoding OML on input line 712.
LaTeX Font Info:    Redeclaring font encoding OMS on input line 713.
\macc@depth=\count95
\c@MaxMatrixCols=\count96
\dotsspace@=\muskip10
\c@parentequation=\count97
\dspbrk@lvl=\count98
\tag@help=\toks17
\row@=\count99
\column@=\count100
\maxfields@=\count101
\andhelp@=\toks18
\eqnshift@=\dimen114
\alignsep@=\dimen115
\tagshift@=\dimen116
\tagwidth@=\dimen117
\totwidth@=\dimen118
\lineht@=\dimen119
\@envbody=\toks19
\multlinegap=\skip44
\multlinetaggap=\skip45
\mathdisplay@stack=\toks20
LaTeX Info: Redefining \[ on input line 2817.
LaTeX Info: Redefining \] on input line 2818.
) (/software/texlive-2017-el7-x86_64/texmf-dist/tex/latex/amsfonts/amssymb.sty
Package: amssymb 2013/01/14 v3.01 AMS font symbols
(/software/texlive-2017-el7-x86_64/texmf-dist/tex/latex/amsfonts/amsfonts.sty
Package: amsfonts 2013/01/14 v3.01 Basic AMSFonts support
\symAMSa=\mathgroup4
\symAMSb=\mathgroup5
LaTeX Font Info:    Overwriting math alphabet `\mathfrak' in version `bold'
(Font)                  U/euf/m/n --> U/euf/b/n on input line 106.
))
(/software/texlive-2017-el7-x86_64/texmf-dist/tex/latex/changepage/changepage.s
ty
Package: changepage 2009/10/20 v1.0c check page and change page layout
\c@cp@cntr=\count102
\cp@tempcnt=\count103
) (/software/texlive-2017-el7-x86_64/texmf-dist/tex/latex/base/inputenc.sty
Package: inputenc 2015/03/17 v1.2c Input encoding file
\inpenc@prehook=\toks21
\inpenc@posthook=\toks22
(/software/texlive-2017-el7-x86_64/texmf-dist/tex/latex/ucs/utf8x.def
File: utf8x.def 2004/10/17 UCS: Input encoding UTF-8
)) (/software/texlive-2017-el7-x86_64/texmf-dist/tex/latex/ucs/ucs.sty
Package: ucs 2013/05/11 v2.2 UCS: Unicode input support

(/software/texlive-2017-el7-x86_64/texmf-dist/tex/latex/ucs/data/uni-global.def
File: uni-global.def 2013/05/13 UCS: Unicode global data
)
\uc@secondtry=\count104
\uc@combtoks=\toks23
\uc@combtoksb=\toks24
\uc@temptokena=\toks25
) (/software/texlive-2017-el7-x86_64/texmf-dist/tex/latex/base/textcomp.sty
Package: textcomp 2017/02/22 v2.0g Standard LaTeX package
Package textcomp Info: Sub-encoding information:
(textcomp)               5 = only ISO-Adobe without \textcurrency
(textcomp)               4 = 5 + \texteuro
(textcomp)               3 = 4 + \textohm
(textcomp)               2 = 3 + \textestimated + \textcurrency
(textcomp)               1 = TS1 - \textcircled - \t
(textcomp)               0 = TS1 (full)
(textcomp)             Font families with sub-encoding setting implement
(textcomp)             only a restricted character set as indicated.
(textcomp)             Family '?' is the default used for unknown fonts.
(textcomp)             See the documentation for details.
Package textcomp Info: Setting ? sub-encoding to TS1/1 on input line 79.
(/software/texlive-2017-el7-x86_64/texmf-dist/tex/latex/base/ts1enc.def
File: ts1enc.def 2001/06/05 v3.0e (jk/car/fm) Standard LaTeX file
)
LaTeX Info: Redefining \oldstylenums on input line 334.
Package textcomp Info: Setting cmr sub-encoding to TS1/0 on input line 349.
Package textcomp Info: Setting cmss sub-encoding to TS1/0 on input line 350.
Package textcomp Info: Setting cmtt sub-encoding to TS1/0 on input line 351.
Package textcomp Info: Setting cmvtt sub-encoding to TS1/0 on input line 352.
Package textcomp Info: Setting cmbr sub-encoding to TS1/0 on input line 353.
Package textcomp Info: Setting cmtl sub-encoding to TS1/0 on input line 354.
Package textcomp Info: Setting ccr sub-encoding to TS1/0 on input line 355.
Package textcomp Info: Setting ptm sub-encoding to TS1/4 on input line 356.
Package textcomp Info: Setting pcr sub-encoding to TS1/4 on input line 357.
Package textcomp Info: Setting phv sub-encoding to TS1/4 on input line 358.
Package textcomp Info: Setting ppl sub-encoding to TS1/3 on input line 359.
Package textcomp Info: Setting pag sub-encoding to TS1/4 on input line 360.
Package textcomp Info: Setting pbk sub-encoding to TS1/4 on input line 361.
Package textcomp Info: Setting pnc sub-encoding to TS1/4 on input line 362.
Package textcomp Info: Setting pzc sub-encoding to TS1/4 on input line 363.
Package textcomp Info: Setting bch sub-encoding to TS1/4 on input line 364.
Package textcomp Info: Setting put sub-encoding to TS1/5 on input line 365.
Package textcomp Info: Setting uag sub-encoding to TS1/5 on input line 366.
Package textcomp Info: Setting ugq sub-encoding to TS1/5 on input line 367.
Package textcomp Info: Setting ul8 sub-encoding to TS1/4 on input line 368.
Package textcomp Info: Setting ul9 sub-encoding to TS1/4 on input line 369.
Package textcomp Info: Setting augie sub-encoding to TS1/5 on input line 370.
Package textcomp Info: Setting dayrom sub-encoding to TS1/3 on input line 371.
Package textcomp Info: Setting dayroms sub-encoding to TS1/3 on input line 372.

Package textcomp Info: Setting pxr sub-encoding to TS1/0 on input line 373.
Package textcomp Info: Setting pxss sub-encoding to TS1/0 on input line 374.
Package textcomp Info: Setting pxtt sub-encoding to TS1/0 on input line 375.
Package textcomp Info: Setting txr sub-encoding to TS1/0 on input line 376.
Package textcomp Info: Setting txss sub-encoding to TS1/0 on input line 377.
Package textcomp Info: Setting txtt sub-encoding to TS1/0 on input line 378.
Package textcomp Info: Setting lmr sub-encoding to TS1/0 on input line 379.
Package textcomp Info: Setting lmdh sub-encoding to TS1/0 on input line 380.
Package textcomp Info: Setting lmss sub-encoding to TS1/0 on input line 381.
Package textcomp Info: Setting lmssq sub-encoding to TS1/0 on input line 382.
Package textcomp Info: Setting lmvtt sub-encoding to TS1/0 on input line 383.
Package textcomp Info: Setting lmtt sub-encoding to TS1/0 on input line 384.
Package textcomp Info: Setting qhv sub-encoding to TS1/0 on input line 385.
Package textcomp Info: Setting qag sub-encoding to TS1/0 on input line 386.
Package textcomp Info: Setting qbk sub-encoding to TS1/0 on input line 387.
Package textcomp Info: Setting qcr sub-encoding to TS1/0 on input line 388.
Package textcomp Info: Setting qcs sub-encoding to TS1/0 on input line 389.
Package textcomp Info: Setting qpl sub-encoding to TS1/0 on input line 390.
Package textcomp Info: Setting qtm sub-encoding to TS1/0 on input line 391.
Package textcomp Info: Setting qzc sub-encoding to TS1/0 on input line 392.
Package textcomp Info: Setting qhvc sub-encoding to TS1/0 on input line 393.
Package textcomp Info: Setting futs sub-encoding to TS1/4 on input line 394.
Package textcomp Info: Setting futx sub-encoding to TS1/4 on input line 395.
Package textcomp Info: Setting futj sub-encoding to TS1/4 on input line 396.
Package textcomp Info: Setting hlh sub-encoding to TS1/3 on input line 397.
Package textcomp Info: Setting hls sub-encoding to TS1/3 on input line 398.
Package textcomp Info: Setting hlst sub-encoding to TS1/3 on input line 399.
Package textcomp Info: Setting hlct sub-encoding to TS1/5 on input line 400.
Package textcomp Info: Setting hlx sub-encoding to TS1/5 on input line 401.
Package textcomp Info: Setting hlce sub-encoding to TS1/5 on input line 402.
Package textcomp Info: Setting hlcn sub-encoding to TS1/5 on input line 403.
Package textcomp Info: Setting hlcw sub-encoding to TS1/5 on input line 404.
Package textcomp Info: Setting hlcf sub-encoding to TS1/5 on input line 405.
Package textcomp Info: Setting pplx sub-encoding to TS1/3 on input line 406.
Package textcomp Info: Setting pplj sub-encoding to TS1/3 on input line 407.
Package textcomp Info: Setting ptmx sub-encoding to TS1/4 on input line 408.
Package textcomp Info: Setting ptmj sub-encoding to TS1/4 on input line 409.
) (/software/texlive-2017-el7-x86_64/texmf-dist/tex/latex/marvosym/marvosym.sty
Package: marvosym 2011/07/20 v2.2 Martin Vogel's Symbols font definitions
) (/software/texlive-2017-el7-x86_64/texmf-dist/tex/latex/hyperref/nameref.sty
Package: nameref 2016/05/21 v2.44 Cross-referencing by name of section
(/software/texlive-2017-el7-x86_64/texmf-dist/tex/latex/oberdiek/refcount.sty
Package: refcount 2016/05/16 v3.5 Data extraction from label references (HO)
(/software/texlive-2017-el7-x86_64/texmf-dist/tex/generic/oberdiek/ltxcmds.sty
Package: ltxcmds 2016/05/16 v1.23 LaTeX kernel commands for general use (HO)
)
(/software/texlive-2017-el7-x86_64/texmf-dist/tex/generic/oberdiek/infwarerr.st
y
Package: infwarerr 2016/05/16 v1.4 Providing info/warning/error messages (HO)
))
(/software/texlive-2017-el7-x86_64/texmf-dist/tex/generic/oberdiek/gettitlestri
ng.sty
Package: gettitlestring 2016/05/16 v1.5 Cleanup title references (HO)
(/software/texlive-2017-el7-x86_64/texmf-dist/tex/latex/oberdiek/kvoptions.sty
Package: kvoptions 2016/05/16 v3.12 Key value format for package options (HO)

(/software/texlive-2017-el7-x86_64/texmf-dist/tex/generic/oberdiek/kvsetkeys.st
y
Package: kvsetkeys 2016/05/16 v1.17 Key value parser (HO)

(/software/texlive-2017-el7-x86_64/texmf-dist/tex/generic/oberdiek/etexcmds.sty
Package: etexcmds 2016/05/16 v1.6 Avoid name clashes with e-TeX commands (HO)

(/software/texlive-2017-el7-x86_64/texmf-dist/tex/generic/oberdiek/ifluatex.sty
Package: ifluatex 2016/05/16 v1.4 Provides the ifluatex switch (HO)
Package ifluatex Info: LuaTeX not detected.
)
Package etexcmds Info: Could not find \expanded.
(etexcmds)             That can mean that you are not using pdfTeX 1.50 or
(etexcmds)             that some package has redefined \expanded.
(etexcmds)             In the latter case, load this package earlier.
))))
\c@section@level=\count105
LaTeX Info: Redefining \ref on input line 355.
LaTeX Info: Redefining \pageref on input line 355.
) (/software/texlive-2017-el7-x86_64/texmf-dist/tex/latex/hyperref/hyperref.sty
Package: hyperref 2017/03/14 v6.85a Hypertext links for LaTeX

(/software/texlive-2017-el7-x86_64/texmf-dist/tex/generic/oberdiek/hobsub-hyper
ref.sty
Package: hobsub-hyperref 2016/05/16 v1.14 Bundle oberdiek, subset hyperref (HO)


(/software/texlive-2017-el7-x86_64/texmf-dist/tex/generic/oberdiek/hobsub-gener
ic.sty
Package: hobsub-generic 2016/05/16 v1.14 Bundle oberdiek, subset generic (HO)
Package: hobsub 2016/05/16 v1.14 Construct package bundles (HO)
Package hobsub Info: Skipping package `infwarerr' (already loaded).
Package hobsub Info: Skipping package `ltxcmds' (already loaded).
Package hobsub Info: Skipping package `ifluatex' (already loaded).
Package hobsub Info: Skipping package `ifvtex' (already loaded).
Package: intcalc 2016/05/16 v1.2 Expandable calculations with integers (HO)
Package hobsub Info: Skipping package `ifpdf' (already loaded).
Package hobsub Info: Skipping package `etexcmds' (already loaded).
Package hobsub Info: Skipping package `kvsetkeys' (already loaded).
Package: kvdefinekeys 2016/05/16 v1.4 Define keys (HO)
Package: pdftexcmds 2017/03/19 v0.25 Utility functions of pdfTeX for LuaTeX (HO
)
Package pdftexcmds Info: LuaTeX not detected.
Package pdftexcmds Info: \pdf@primitive is available.
Package pdftexcmds Info: \pdf@ifprimitive is available.
Package pdftexcmds Info: \pdfdraftmode found.
Package: pdfescape 2016/05/16 v1.14 Implements pdfTeX's escape features (HO)
Package: bigintcalc 2016/05/16 v1.4 Expandable calculations on big integers (HO
)
Package: bitset 2016/05/16 v1.2 Handle bit-vector datatype (HO)
Package: uniquecounter 2016/05/16 v1.3 Provide unlimited unique counter (HO)
)
Package hobsub Info: Skipping package `hobsub' (already loaded).
Package: letltxmacro 2016/05/16 v1.5 Let assignment for LaTeX macros (HO)
Package: hopatch 2016/05/16 v1.3 Wrapper for package hooks (HO)
Package: xcolor-patch 2016/05/16 xcolor patch
Package: atveryend 2016/05/16 v1.9 Hooks at the very end of document (HO)
Package atveryend Info: \enddocument detected (standard20110627).
Package: atbegshi 2016/06/09 v1.18 At begin shipout hook (HO)
Package hobsub Info: Skipping package `refcount' (already loaded).
Package: hycolor 2016/05/16 v1.8 Color options for hyperref/bookmark (HO)
) (/software/texlive-2017-el7-x86_64/texmf-dist/tex/latex/oberdiek/auxhook.sty
Package: auxhook 2016/05/16 v1.4 Hooks for auxiliary files (HO)
)
\@linkdim=\dimen120
\Hy@linkcounter=\count106
\Hy@pagecounter=\count107
(/software/texlive-2017-el7-x86_64/texmf-dist/tex/latex/hyperref/pd1enc.def
File: pd1enc.def 2017/03/14 v6.85a Hyperref: PDFDocEncoding definition (HO)
)
\Hy@SavedSpaceFactor=\count108

(/software/texlive-2017-el7-x86_64/texmf-dist/tex/latex/latexconfig/hyperref.cf
g
File: hyperref.cfg 2002/06/06 v1.2 hyperref configuration of TeXLive
)
Package hyperref Info: Hyper figures OFF on input line 4498.
Package hyperref Info: Link nesting OFF on input line 4503.
Package hyperref Info: Hyper index ON on input line 4506.
Package hyperref Info: Plain pages OFF on input line 4513.
Package hyperref Info: Backreferencing OFF on input line 4518.
Package hyperref Info: Implicit mode ON; LaTeX internals redefined.
Package hyperref Info: Bookmarks ON on input line 4751.
\c@Hy@tempcnt=\count109
(/software/texlive-2017-el7-x86_64/texmf-dist/tex/latex/url/url.sty
\Urlmuskip=\muskip11
Package: url 2013/09/16  ver 3.4  Verb mode for urls, etc.
)
LaTeX Info: Redefining \url on input line 5104.
\XeTeXLinkMargin=\dimen121
\Fld@menulength=\count110
\Field@Width=\dimen122
\Fld@charsize=\dimen123
Package hyperref Info: Hyper figures OFF on input line 6358.
Package hyperref Info: Link nesting OFF on input line 6363.
Package hyperref Info: Hyper index ON on input line 6366.
Package hyperref Info: backreferencing OFF on input line 6373.
Package hyperref Info: Link coloring OFF on input line 6378.
Package hyperref Info: Link coloring with OCG OFF on input line 6383.
Package hyperref Info: PDF/A mode OFF on input line 6388.
LaTeX Info: Redefining \ref on input line 6428.
LaTeX Info: Redefining \pageref on input line 6432.
\Hy@abspage=\count111
\c@Item=\count112
\c@Hfootnote=\count113
)

Package hyperref Message: Driver (autodetected): hpdftex.

(/software/texlive-2017-el7-x86_64/texmf-dist/tex/latex/hyperref/hpdftex.def
File: hpdftex.def 2017/03/14 v6.85a Hyperref driver for pdfTeX
\Fld@listcount=\count114
\c@bookmark@seq@number=\count115

(/software/texlive-2017-el7-x86_64/texmf-dist/tex/latex/oberdiek/rerunfilecheck
.sty
Package: rerunfilecheck 2016/05/16 v1.8 Rerun checks for auxiliary files (HO)
Package uniquecounter Info: New unique counter `rerunfilecheck' on input line 2
82.
)
\Hy@SectionHShift=\skip46
) (/software/texlive-2017-el7-x86_64/texmf-dist/tex/latex/lineno/lineno.sty
Package: lineno 2005/11/02 line numbers on paragraphs v4.41
\linenopenalty=\count116
\output=\toks26
\linenoprevgraf=\count117
\linenumbersep=\dimen124
\linenumberwidth=\dimen125
\c@linenumber=\count118
\c@pagewiselinenumber=\count119
\c@LN@truepage=\count120
\c@internallinenumber=\count121
\c@internallinenumbers=\count122
\quotelinenumbersep=\dimen126
\bframerule=\dimen127
\bframesep=\dimen128
\bframebox=\box28
LaTeX Info: Redefining \\ on input line 3056.
)
(/software/texlive-2017-el7-x86_64/texmf-dist/tex/latex/microtype/microtype.sty
Package: microtype 2016/05/14 v2.6a Micro-typographical refinements (RS)
\MT@toks=\toks27
\MT@count=\count123
LaTeX Info: Redefining \textls on input line 774.
\MT@outer@kern=\dimen129
LaTeX Info: Redefining \textmicrotypecontext on input line 1310.
\MT@listname@count=\count124

(/software/texlive-2017-el7-x86_64/texmf-dist/tex/latex/microtype/microtype-pdf
tex.def
File: microtype-pdftex.def 2016/05/14 v2.6a Definitions specific to pdftex (RS)

LaTeX Info: Redefining \lsstyle on input line 916.
LaTeX Info: Redefining \lslig on input line 916.
\MT@outer@space=\skip47
)
Package microtype Info: Loading configuration file microtype.cfg.

(/software/texlive-2017-el7-x86_64/texmf-dist/tex/latex/microtype/microtype.cfg
File: microtype.cfg 2016/05/14 v2.6a microtype main configuration file (RS)
)) (/software/texlive-2017-el7-x86_64/texmf-dist/tex/latex/xcolor/xcolor.sty
Package: xcolor 2016/05/11 v2.12 LaTeX color extensions (UK)
(/software/texlive-2017-el7-x86_64/texmf-dist/tex/latex/graphics-cfg/color.cfg
File: color.cfg 2016/01/02 v1.6 sample color configuration
)
Package xcolor Info: Driver file: pdftex.def on input line 225.

(/software/texlive-2017-el7-x86_64/texmf-dist/tex/latex/graphics-def/pdftex.def
File: pdftex.def 2017/01/12 v0.06k Graphics/color for pdfTeX
\Gread@gobject=\count125
) (/software/texlive-2017-el7-x86_64/texmf-dist/tex/latex/colortbl/colortbl.sty
Package: colortbl 2012/02/13 v1.0a Color table columns (DPC)
(/software/texlive-2017-el7-x86_64/texmf-dist/tex/latex/tools/array.sty
Package: array 2016/10/06 v2.4d Tabular extension package (FMi)
\col@sep=\dimen130
\extrarowheight=\dimen131
\NC@list=\toks28
\extratabsurround=\skip48
\backup@length=\skip49
)
\everycr=\toks29
\minrowclearance=\skip50
)
\rownum=\count126
Package xcolor Info: Model `cmy' substituted by `cmy0' on input line 1348.
Package xcolor Info: Model `hsb' substituted by `rgb' on input line 1352.
Package xcolor Info: Model `RGB' extended on input line 1364.
Package xcolor Info: Model `HTML' substituted by `rgb' on input line 1366.
Package xcolor Info: Model `Hsb' substituted by `hsb' on input line 1367.
Package xcolor Info: Model `tHsb' substituted by `hsb' on input line 1368.
Package xcolor Info: Model `HSB' substituted by `hsb' on input line 1369.
Package xcolor Info: Model `Gray' substituted by `gray' on input line 1370.
Package xcolor Info: Model `wave' substituted by `hsb' on input line 1371.
)
\savedwidth=\skip51
(/software/texlive-2017-el7-x86_64/texmf-dist/tex/latex/caption/caption.sty
Package: caption 2016/02/21 v3.3-144 Customizing captions (AR)
(/software/texlive-2017-el7-x86_64/texmf-dist/tex/latex/caption/caption3.sty
Package: caption3 2016/05/22 v1.7-166 caption3 kernel (AR)
Package caption3 Info: TeX engine: e-TeX on input line 67.
\captionmargin=\dimen132
\captionmargin@=\dimen133
\captionwidth=\dimen134
\caption@tempdima=\dimen135
\caption@indent=\dimen136
\caption@parindent=\dimen137
\caption@hangindent=\dimen138
)
\c@ContinuedFloat=\count127
Package caption Info: hyperref package is loaded.
) (/software/texlive-2017-el7-x86_64/texmf-dist/tex/latex/lastpage/lastpage.sty
Package: lastpage 2015/03/29 v1.2m Refers to last page's name (HMM; JPG)
) (/software/texlive-2017-el7-x86_64/texmf-dist/tex/latex/fancyhdr/fancyhdr.sty
Package: fancyhdr 2016/09/06 3.8 Extensive control of page headers and footers
\fancy@headwidth=\skip52
\f@ncyO@elh=\skip53
\f@ncyO@erh=\skip54
\f@ncyO@olh=\skip55
\f@ncyO@orh=\skip56
\f@ncyO@elf=\skip57
\f@ncyO@erf=\skip58
\f@ncyO@olf=\skip59
\f@ncyO@orf=\skip60
) (/software/texlive-2017-el7-x86_64/texmf-dist/tex/latex/graphics/graphicx.sty
Package: graphicx 2014/10/28 v1.0g Enhanced LaTeX Graphics (DPC,SPQR)
(/software/texlive-2017-el7-x86_64/texmf-dist/tex/latex/graphics/graphics.sty
Package: graphics 2016/10/09 v1.0u Standard LaTeX Graphics (DPC,SPQR)
(/software/texlive-2017-el7-x86_64/texmf-dist/tex/latex/graphics/trig.sty
Package: trig 2016/01/03 v1.10 sin cos tan (DPC)
)
(/software/texlive-2017-el7-x86_64/texmf-dist/tex/latex/graphics-cfg/graphics.c
fg
File: graphics.cfg 2016/06/04 v1.11 sample graphics configuration
)
Package graphics Info: Driver file: pdftex.def on input line 99.
)
\Gin@req@height=\dimen139
\Gin@req@width=\dimen140
) (/software/texlive-2017-el7-x86_64/texmf-dist/tex/latex/oberdiek/epstopdf.sty
Package: epstopdf 2016/05/15 v2.6 Conversion with epstopdf on the fly (HO)

(/software/texlive-2017-el7-x86_64/texmf-dist/tex/latex/oberdiek/epstopdf-base.
sty
Package: epstopdf-base 2016/05/15 v2.6 Base part for package epstopdf
(/software/texlive-2017-el7-x86_64/texmf-dist/tex/latex/oberdiek/grfext.sty
Package: grfext 2016/05/16 v1.2 Manage graphics extensions (HO)
)
Package epstopdf-base Info: Redefining graphics rule for `.eps' on input line 4
38.
Package grfext Info: Graphics extension search list:
(grfext)             [.png,.pdf,.jpg,.mps,.jpeg,.jbig2,.jb2,.PNG,.PDF,.JPG,.JPE
G,.JBIG2,.JB2,.eps]
(grfext)             \AppendGraphicsExtensions on input line 456.

(/software/texlive-2017-el7-x86_64/texmf-dist/tex/latex/latexconfig/epstopdf-sy
s.cfg
File: epstopdf-sys.cfg 2010/07/13 v1.3 Configuration of (r)epstopdf for TeX Liv
e
))) (/software/texlive-2017-el7-x86_64/texmf-dist/tex/latex/tools/longtable.sty
Package: longtable 2014/10/28 v4.11 Multi-page Table package (DPC)
\LTleft=\skip61
\LTright=\skip62
\LTpre=\skip63
\LTpost=\skip64
\LTchunksize=\count128
\LTcapwidth=\dimen141
\LT@head=\box29
\LT@firsthead=\box30
\LT@foot=\box31
\LT@lastfoot=\box32
\LT@cols=\count129
\LT@rows=\count130
\c@LT@tables=\count131
\c@LT@chunks=\count132
\LT@p@ftn=\toks30
) (/software/texlive-2017-el7-x86_64/texmf-dist/tex/latex/booktabs/booktabs.sty
Package: booktabs 2016/04/27 v1.618033 publication quality tables
\heavyrulewidth=\dimen142
\lightrulewidth=\dimen143
\cmidrulewidth=\dimen144
\belowrulesep=\dimen145
\belowbottomsep=\dimen146
\aboverulesep=\dimen147
\abovetopsep=\dimen148
\cmidrulesep=\dimen149
\cmidrulekern=\dimen150
\defaultaddspace=\dimen151
\@cmidla=\count133
\@cmidlb=\count134
\@aboverulesep=\dimen152
\@belowrulesep=\dimen153
\@thisruleclass=\count135
\@lastruleclass=\count136
\@thisrulewidth=\dimen154
) (/software/texlive-2017-el7-x86_64/texmf-dist/tex/latex/forarray/forarray.sty
Package: forarray 2008/06/20 Version 1.01 -- Using array structures in LaTeX
\fe@toks=\toks31
\fe@level=\count137
\fe@cnt@i=\count138
\fe@cnt@ii=\count139
\thislevelcount=\count140
\thislevelnr=\count141
) (/software/texlive-2017-el7-x86_64/texmf-dist/tex/generic/xstring/xstring.sty
(/software/texlive-2017-el7-x86_64/texmf-dist/tex/generic/xstring/xstring.tex
\@xs@message=\write3
\integerpart=\count142
\decimalpart=\count143
)
Package: xstring 2013/10/13  v1.7c  String manipulations (C Tellechea)
) (./paper_PLOS_draft.aux)
\openout1 = `paper_PLOS_draft.aux'.

LaTeX Font Info:    Checking defaults for OML/cmm/m/it on input line 194.
LaTeX Font Info:    ... okay on input line 194.
LaTeX Font Info:    Checking defaults for T1/cmr/m/n on input line 194.
LaTeX Font Info:    ... okay on input line 194.
LaTeX Font Info:    Checking defaults for OT1/cmr/m/n on input line 194.
LaTeX Font Info:    ... okay on input line 194.
LaTeX Font Info:    Checking defaults for OMS/cmsy/m/n on input line 194.
LaTeX Font Info:    ... okay on input line 194.
LaTeX Font Info:    Checking defaults for OMX/cmex/m/n on input line 194.
LaTeX Font Info:    ... okay on input line 194.
LaTeX Font Info:    Checking defaults for U/cmr/m/n on input line 194.
LaTeX Font Info:    ... okay on input line 194.
LaTeX Font Info:    Checking defaults for TS1/cmr/m/n on input line 194.
LaTeX Font Info:    Try loading font information for TS1+cmr on input line 194.

(/software/texlive-2017-el7-x86_64/texmf-dist/tex/latex/base/ts1cmr.fd
File: ts1cmr.fd 2014/09/29 v2.5h Standard LaTeX font definitions
)
LaTeX Font Info:    ... okay on input line 194.
LaTeX Font Info:    Checking defaults for PD1/pdf/m/n on input line 194.
LaTeX Font Info:    ... okay on input line 194.
*geometry* driver: auto-detecting
*geometry* detected driver: pdftex
*geometry* verbose mode - [ preamble ] result:
* driver: pdftex
* paper: letterpaper
* layout: <same size as paper>
* layoutoffset:(h,v)=(0.0pt,0.0pt)
* modes: 
* h-part:(L,W,R)=(198.7425pt, 323.40732pt, 92.14519pt)
* v-part:(T,H,B)=(61.42993pt, 638.14268pt, 95.39737pt)
* \paperwidth=614.295pt
* \paperheight=794.96999pt
* \textwidth=379.4175pt
* \textheight=632.36249pt
* \oddsidemargin=126.4725pt
* \evensidemargin=126.4725pt
* \topmargin=-47.84006pt
* \headheight=12.0pt
* \headsep=25.0pt
* \topskip=10.0pt
* \footskip=54.2025pt
* \marginparwidth=65.0pt
* \marginparsep=11.0pt
* \columnsep=10.0pt
* \skip\footins=9.0pt plus 4.0pt minus 2.0pt
* \hoffset=0.0pt
* \voffset=0.0pt
* \mag=1000
* \@twocolumnfalse
* \@twosidefalse
* \@mparswitchfalse
* \@reversemarginfalse
* (1in=72.27pt=25.4mm, 1cm=28.453pt)

(/software/texlive-2017-el7-x86_64/texmf-dist/tex/latex/ucs/ucsencs.def
File: ucsencs.def 2011/01/21 Fixes to fontencodings LGR, T3
)
\AtBeginShipoutBox=\box33
Package hyperref Info: Link coloring OFF on input line 194.
LaTeX Info: Redefining \ref on input line 194.
LaTeX Info: Redefining \pageref on input line 194.
LaTeX Info: Redefining \nameref on input line 194.
(./paper_PLOS_draft.out) (./paper_PLOS_draft.out)
\@outlinefile=\write4
\openout4 = `paper_PLOS_draft.out'.

LaTeX Info: Redefining \microtypecontext on input line 194.
Package microtype Info: Generating PDF output.
Package microtype Info: Character protrusion enabled (level 2).
Package microtype Info: Using default protrusion set `alltext'.
Package microtype Info: Automatic font expansion enabled (level 2),
(microtype)             stretch: 20, shrink: 20, step: 1, non-selected.
Package microtype Info: Using default expansion set `basictext'.
Package microtype Info: No adjustment of tracking.
Package microtype Info: No adjustment of interword spacing.
Package microtype Info: No adjustment of character kerning.
(/software/texlive-2017-el7-x86_64/texmf-dist/tex/latex/microtype/mt-cmr.cfg
File: mt-cmr.cfg 2013/05/19 v2.2 microtype config. file: Computer Modern Roman 
(RS)
)
(/software/texlive-2017-el7-x86_64/texmf-dist/tex/context/base/mkii/supp-pdf.mk
ii
[Loading MPS to PDF converter (version 2006.09.02).]
\scratchcounter=\count144
\scratchdimen=\dimen155
\scratchbox=\box34
\nofMPsegments=\count145
\nofMParguments=\count146
\everyMPshowfont=\toks32
\MPscratchCnt=\count147
\MPscratchDim=\dimen156
\MPnumerator=\count148
\makeMPintoPDFobject=\count149
\everyMPtoPDFconversion=\toks33
)
Package caption Info: Begin \AtBeginDocument code.
Package caption Info: longtable package is loaded.
(/software/texlive-2017-el7-x86_64/texmf-dist/tex/latex/caption/ltcaption.sty
Package: ltcaption 2013/06/09 v1.4-94 longtable captions (AR)
)
Package caption Info: End \AtBeginDocument code.
Package lastpage Info: Please have a look at the pageslts package at
(lastpage)             https://www.ctan.org/pkg/pageslts
(lastpage)             ! on input line 194.
LaTeX Font Info:    Try loading font information for U+msa on input line 206.
(/software/texlive-2017-el7-x86_64/texmf-dist/tex/latex/amsfonts/umsa.fd
File: umsa.fd 2013/01/14 v3.01 AMS symbols A
) (/software/texlive-2017-el7-x86_64/texmf-dist/tex/latex/microtype/mt-msa.cfg
File: mt-msa.cfg 2006/02/04 v1.1 microtype config. file: AMS symbols (a) (RS)
)
LaTeX Font Info:    Try loading font information for U+msb on input line 206.
(/software/texlive-2017-el7-x86_64/texmf-dist/tex/latex/amsfonts/umsb.fd
File: umsb.fd 2013/01/14 v3.01 AMS symbols B
) (/software/texlive-2017-el7-x86_64/texmf-dist/tex/latex/microtype/mt-msb.cfg
File: mt-msb.cfg 2005/06/01 v1.0 microtype config. file: AMS symbols (b) (RS)
)
\fe@count@abs@i=\count150
Package microtype Info: Loading generic settings for font family
(microtype)             `cmss' (encoding: OT1).
(microtype)             For optimal results, create family-specific settings.
(microtype)             See the microtype manual for details.
[1

{/software/texlive-2017-el7-x86_64/texmf-var/fonts/map/pdftex/updmap/pdftex.map
}] [2]
LaTeX Font Info:    Try loading font information for OML+cmr on input line 367.

(/software/texlive-2017-el7-x86_64/texmf-dist/tex/latex/base/omlcmr.fd
File: omlcmr.fd 2014/09/29 v2.5h Standard LaTeX font definitions
)
LaTeX Font Info:    Font shape `OML/cmr/m/n' in size <10> not available
(Font)              Font shape `OML/cmm/m/it' tried instead on input line 367.
[3]
Package microtype Info: Loading generic settings for font family
(microtype)             `cmtt' (encoding: OT1).
(microtype)             For optimal results, create family-specific settings.
(microtype)             See the microtype manual for details.
[4]
Overfull \hbox (10.65411pt too wide) in paragraph at lines 521--521
[]\OT1/cmtt/m/n/10 ## Warning: Tried to calculate with group_by(), but the calc
ulation failed.[] 
 []


Overfull \hbox (10.65411pt too wide) in paragraph at lines 521--521
[]\OT1/cmtt/m/n/10 ## Warning: Tried to calculate with group_by(), but the calc
ulation failed.[] 
 []


Overfull \hbox (378.15091pt too wide) in paragraph at lines 538--538
[]\OT1/cmtt/m/n/10 ## Warning in geom2trace.default(dots[[1L]][[3L]], dots[[2L]
][[1L]], dots[[3L]][[1L]]): geom_GeomTextRepel() has yet to be implemented in p
lotly.[] 
 []


Overfull \hbox (378.15091pt too wide) in paragraph at lines 538--538
[]\OT1/cmtt/m/n/10 ## Warning in geom2trace.default(dots[[1L]][[3L]], dots[[2L]
][[1L]], dots[[3L]][[1L]]): geom_GeomTextRepel() has yet to be implemented in p
lotly.[] 
 []


Overfull \hbox (378.15091pt too wide) in paragraph at lines 538--538
[]\OT1/cmtt/m/n/10 ## Warning in geom2trace.default(dots[[1L]][[3L]], dots[[2L]
][[1L]], dots[[3L]][[1L]]): geom_GeomTextRepel() has yet to be implemented in p
lotly.[] 
 []

[5]
Overfull \hbox (100.69449pt too wide) in alignment at lines 548--554
 [] [] [] [] [] 
 []


Overfull \hbox (100.69449pt too wide) in alignment at lines 554--559
 [] [] [] [] [] 
 []


Overfull \hbox (100.69449pt too wide) in alignment at lines 559--580
 [] [] [] [] [] 
 []


Overfull \hbox (100.69449pt too wide) in alignment at lines 580--600
 [] [] [] [] [] 
 []


Overfull \hbox (100.69449pt too wide) in alignment at lines 600--620
 [] [] [] [] [] 
 []


Overfull \hbox (100.69449pt too wide) in alignment at lines 620--640
 [] [] [] [] [] 
 []

[6]
Overfull \hbox (100.69449pt too wide) in alignment at lines 640--660
 [] [] [] [] [] 
 []


Overfull \hbox (100.69449pt too wide) in alignment at lines 660--680
 [] [] [] [] [] 
 []

[7]
Overfull \hbox (100.69449pt too wide) in alignment at lines 680--700
 [] [] [] [] [] 
 []


Overfull \hbox (100.69449pt too wide) in alignment at lines 700--704
 [] [] [] [] [] 
 []

[8] (/software/texlive-2017-el7-x86_64/texmf-dist/tex/latex/ucs/data/uni-0.def
File: uni-0.def 2013/05/13 UCS: Unicode data U+0000..U+00FF
)
Overfull \hbox (30.07893pt too wide) in paragraph at lines 754--754
[]\OT1/cmtt/m/n/10 ## Warning: Column `Genome` joining factor and character vec
tor, coercing into[] 
 []


Overfull \hbox (51.07875pt too wide) in paragraph at lines 763--763
[]\OT1/cmtt/m/n/10 ## Warning in melt(., na.rm = T): The melt generic in data.t
able has been passed a[] 
 []


Overfull \hbox (56.3287pt too wide) in paragraph at lines 763--763
[]\OT1/cmtt/m/n/10 ## matrix and will attempt to redirect to the relevant resha
pe2 method; please note[] 
 []


Overfull \hbox (31.65393pt too wide) in paragraph at lines 763--763
[]\OT1/cmtt/m/n/10 ## that reshape2 is deprecated, and this redirection is now 
deprecated as well.[] 
 []


Overfull \hbox (48.45378pt too wide) in paragraph at lines 763--763
[]\OT1/cmtt/m/n/10 ## To continue using melt methods from reshape2 while both l
ibraries are attached,[] 
 []


Overfull \hbox (35.32889pt too wide) in paragraph at lines 763--763
[]\OT1/cmtt/m/n/10 ## e.g. melt.list, you can prepend the namespace like reshap
e2::melt(.). In the[] 
 []

[9] [10]

LaTeX Warning: File `paper_PLOS_draft_files/figure-latex/Correlations between g
enome quality scores-1.pdf' not found on input line 862.


<paper_PLOS_draft_files/figure-latex/Correlations between genome quality scores
-1.pdf, id=144, 320.19624pt x 318.18875pt>
File: paper_PLOS_draft_files/figure-latex/Correlations between genome quality s
cores-1.pdf Graphic file (type pdf)

<use paper_PLOS_draft_files/figure-latex/Correlations between genome quality sc
ores-1.pdf>
Package pdftex.def Info: paper_PLOS_draft_files/figure-latex/Correlations betwe
en genome quality scores-1.pdf used on input line 862.
(pdftex.def)             Requested size: 320.19545pt x 318.18796pt.
[11]
Overfull \hbox (22.20401pt too wide) in paragraph at lines 867--867
[]\OT1/cmtt/m/n/10 ## Warning: Column `Genome`/`BestGenome` joining factor and 
character vector,[] 
 []


Overfull \hbox (21.15402pt too wide) in paragraph at lines 875--875
[]\OT1/cmtt/m/n/10 ## Call `lifecycle::last_warnings()` to see where this warni
ng was generated.[] 
 []


LaTeX Warning: File `paper_PLOS_draft_files/figure-latex/Figure 2-1.pdf' not fo
und on input line 883.


<paper_PLOS_draft_files/figure-latex/Figure 2-1.pdf, id=151, 356.33125pt x 317.
185pt>
File: paper_PLOS_draft_files/figure-latex/Figure 2-1.pdf Graphic file (type pdf
)
<use paper_PLOS_draft_files/figure-latex/Figure 2-1.pdf>
Package pdftex.def Info: paper_PLOS_draft_files/figure-latex/Figure 2-1.pdf use
d on input line 883.
(pdftex.def)             Requested size: 356.33037pt x 317.1842pt.
[12 <./paper_PLOS_draft_files/figure-latex/Correlations between genome quality 
scores-1.pdf>] [13 <./paper_PLOS_draft_files/figure-latex/Figure 2-1.pdf>] [14]

Overfull \hbox (24.82898pt too wide) in paragraph at lines 1272--1272
[]\OT1/cmtt/m/n/10 ##     parent  node branch.length label                     
  lnSize Lifespan[] 
 []


Overfull \hbox (24.82898pt too wide) in paragraph at lines 1272--1272
[]\OT1/cmtt/m/n/10 ##      <int> <int>         <dbl> <chr>                     
   <dbl>    <dbl>[] 
 []


Overfull \hbox (19.57903pt too wide) in paragraph at lines 1272--1272
[]\OT1/cmtt/m/n/10 ##   1    135     1     40.1      Geogale.aurita            
       2    1.72[] 
 []


Overfull \hbox (19.57903pt too wide) in paragraph at lines 1272--1272
[]\OT1/cmtt/m/n/10 ##   2    140     2    122.       Limnogale.mergulus        
       5    2.30[] 
 []


Overfull \hbox (19.57903pt too wide) in paragraph at lines 1272--1272
[]\OT1/cmtt/m/n/10 ##   3    140     3      0.135    Microgale.taiva           
       2    1.72[] 
 []


Overfull \hbox (19.57903pt too wide) in paragraph at lines 1272--1272
[]\OT1/cmtt/m/n/10 ##   4    139     4     33.5      Microgale.parvula         
       1    1.52[] 
 []


Overfull \hbox (19.57903pt too wide) in paragraph at lines 1272--1272
[]\OT1/cmtt/m/n/10 ##   5    138     5      0.595    Microgale.brevicaudata    
       2    1.72[] 
 []


Overfull \hbox (19.31653pt too wide) in paragraph at lines 1272--1272
[]\OT1/cmtt/m/n/10 ##   6    142     6      0.571    Microgale.cowani          
       3    1.91[] 
 []


Overfull \hbox (19.57903pt too wide) in paragraph at lines 1272--1272
[]\OT1/cmtt/m/n/10 ##   7    142     7      1.07     Microgale.jobihely        
       2    1.72[] 
 []


Overfull \hbox (19.57903pt too wide) in paragraph at lines 1272--1272
[]\OT1/cmtt/m/n/10 ##   8    145     8      0.772    Microgale.longicaudata    
       2    1.72[] 
 []


Overfull \hbox (19.57903pt too wide) in paragraph at lines 1272--1272
[]\OT1/cmtt/m/n/10 ##   9    145     9      0.173    Microgale.principula      
       2    1.72[] 
 []


Overfull \hbox (19.57903pt too wide) in paragraph at lines 1272--1272
[]\OT1/cmtt/m/n/10 ##  10    144    10     34.3      Microgale.pusilla         
       1    1.52[] 
 []


Overfull \hbox (19.57903pt too wide) in paragraph at lines 1272--1272
[]\OT1/cmtt/m/n/10 ##  11    143    11     61.4      Microgale.talazaci        
       4    1.76[] 
 []


Overfull \hbox (19.31653pt too wide) in paragraph at lines 1272--1272
[]\OT1/cmtt/m/n/10 ##  12    136    12     22.8      Oryzorictes.hova          
       4    2.11[] 
 []


Overfull \hbox (19.31653pt too wide) in paragraph at lines 1272--1272
[]\OT1/cmtt/m/n/10 ##  13    147    13      7.75     Echinops.telfairi         
       4    2.94[] 
 []


Overfull \hbox (19.57903pt too wide) in paragraph at lines 1272--1272
[]\OT1/cmtt/m/n/10 ##  14    147    14     12.5      Setifer.setosus           
       6    2.65[] 
 []


Overfull \hbox (24.82898pt too wide) in paragraph at lines 1272--1272
[]\OT1/cmtt/m/n/10 ##  15    148    15      4.68     Hemicentetes.semispinosus 
       5    0.993[] 
 []


Overfull \hbox (19.57903pt too wide) in paragraph at lines 1272--1272
[]\OT1/cmtt/m/n/10 ##  16    148    16     79.5      Tenrec.ecaudatus          
       7    2.16[] 
 []


Overfull \hbox (19.31653pt too wide) in paragraph at lines 1272--1272
[]\OT1/cmtt/m/n/10 ##  17    150    17      2.82     Micropotamogale.lamottei  
       4    2.11[] 
 []


Overfull \hbox (19.57903pt too wide) in paragraph at lines 1272--1272
[]\OT1/cmtt/m/n/10 ##  18    150    18    103.       Potamogale.velox          
       6    2.50[] 
 []


Overfull \hbox (19.57903pt too wide) in paragraph at lines 1272--1272
[]\OT1/cmtt/m/n/10 ##  19    151    19     69.8      Protenrec.tricuspis       
       1    1.52[] 
 []


Overfull \hbox (19.57903pt too wide) in paragraph at lines 1272--1272
[]\OT1/cmtt/m/n/10 ##  20    151    20      2.21     Dilambdogale.gheerbranti  
       2    1.72[] 
 []


Overfull \hbox (19.31653pt too wide) in paragraph at lines 1272--1272
[]\OT1/cmtt/m/n/10 ##  21    157    21      0.454    Carpitalpa.arendsi        
       4    2.11[] 
 []


Overfull \hbox (19.31653pt too wide) in paragraph at lines 1272--1272
[]\OT1/cmtt/m/n/10 ##  22    158    22      3.26     Neamblysomus.gunningi     
       4    2.11[] 
 []


Overfull \hbox (19.31653pt too wide) in paragraph at lines 1272--1272
[]\OT1/cmtt/m/n/10 ##  23    158    23      5.72     Neamblysomus.julianae     
       3    1.91[] 
 []


Overfull \hbox (19.31653pt too wide) in paragraph at lines 1272--1272
[]\OT1/cmtt/m/n/10 ##  24    162    24      0.976    Amblysomus.corriae        
       4    2.11[] 
 []


Overfull \hbox (19.31653pt too wide) in paragraph at lines 1272--1272
[]\OT1/cmtt/m/n/10 ##  25    162    25      1.38     Amblysomus.robustus       
       4    2.11[] 
 []

[15]
Overfull \hbox (19.31653pt too wide) in paragraph at lines 1272--1272
[]\OT1/cmtt/m/n/10 ##  26    161    26      0.524    Amblysomus.septentrionalis
       4    2.11[] 
 []


Overfull \hbox (19.31653pt too wide) in paragraph at lines 1272--1272
[]\OT1/cmtt/m/n/10 ##  27    160    27      0.0152   Amblysomus.hottentotus    
       4    2.11[] 
 []


Overfull \hbox (19.31653pt too wide) in paragraph at lines 1272--1272
[]\OT1/cmtt/m/n/10 ##  28    159    28      3.79     Amblysomus.marleyi        
       4    2.11[] 
 []


Overfull \hbox (19.31653pt too wide) in paragraph at lines 1272--1272
[]\OT1/cmtt/m/n/10 ##  29    163    29      0.321    Chlorotalpa.duthieae      
       3    1.91[] 
 []


Overfull \hbox (19.31653pt too wide) in paragraph at lines 1272--1272
[]\OT1/cmtt/m/n/10 ##  30    163    30      0.0874   Chlorotalpa.sclateri      
       4    2.11[] 
 []


Overfull \hbox (19.57903pt too wide) in paragraph at lines 1272--1272
[]\OT1/cmtt/m/n/10 ##  31    165    31     62.8      Chrysospalax.trevelyani   
       6    2.50[] 
 []


Overfull \hbox (19.57903pt too wide) in paragraph at lines 1272--1272
[]\OT1/cmtt/m/n/10 ##  32    165    32      0.130    Chrysospalax.villosus     
       5    2.30[] 
 []


Overfull \hbox (19.31653pt too wide) in paragraph at lines 1272--1272
[]\OT1/cmtt/m/n/10 ##  33    164    33     13.4      Calcochloris.obtusirostris
       3    1.91[] 
 []


Overfull \hbox (19.31653pt too wide) in paragraph at lines 1272--1272
[]\OT1/cmtt/m/n/10 ##  34    153    34      9.65     Eremitalpa.granti         
       3    1.91[] 
 []


Overfull \hbox (19.31653pt too wide) in paragraph at lines 1272--1272
[]\OT1/cmtt/m/n/10 ##  35    167    35      3.34     Chrysochloris.asiatica    
       4    2.11[] 
 []


Overfull \hbox (19.31653pt too wide) in paragraph at lines 1272--1272
[]\OT1/cmtt/m/n/10 ##  36    167    36      5.78     Cryptochloris.wintoni     
       3    1.91[] 
 []


Overfull \hbox (19.31653pt too wide) in paragraph at lines 1272--1272
[]\OT1/cmtt/m/n/10 ##  37    166    37      0.333    Chrysochloris.stuhlmanni  
       4    2.11[] 
 []


Overfull \hbox (19.31653pt too wide) in paragraph at lines 1272--1272
[]\OT1/cmtt/m/n/10 ##  38    175    38      0.926    Elephantulus.brachyrhynchu
s      4    2.11[] 
 []


Overfull \hbox (19.31653pt too wide) in paragraph at lines 1272--1272
[]\OT1/cmtt/m/n/10 ##  39    175    39      0.118    Elephantulus.rufescens    
       4    2.07[] 
 []


Overfull \hbox (19.57903pt too wide) in paragraph at lines 1272--1272
[]\OT1/cmtt/m/n/10 ##  40    176    40      1.15     Elephantulus.intufi       
       4    2.23[] 
 []


Overfull \hbox (19.31653pt too wide) in paragraph at lines 1272--1272
[]\OT1/cmtt/m/n/10 ##  41    176    41      0.319    Elephantulus.rupestris    
       4    2.11[] 
 []


Overfull \hbox (19.31653pt too wide) in paragraph at lines 1272--1272
[]\OT1/cmtt/m/n/10 ##  42    177    42      0.237    Elephantulus.edwardii     
       4    2.11[] 
 []


Overfull \hbox (19.31653pt too wide) in paragraph at lines 1272--1272
[]\OT1/cmtt/m/n/10 ##  43    177    43      0.953    Elephantulus.myurus       
       4    2.11[] 
 []


Overfull \hbox (19.31653pt too wide) in paragraph at lines 1272--1272
[]\OT1/cmtt/m/n/10 ##  44    179    44     10.5      Elephantulus.rozeti       
       4    1.97[] 
 []


Overfull \hbox (19.57903pt too wide) in paragraph at lines 1272--1272
[]\OT1/cmtt/m/n/10 ##  45    179    45     24.6      Petrodromus.tetradactylus 
       5    2.30[] 
 []


Overfull \hbox (19.57903pt too wide) in paragraph at lines 1272--1272
[]\OT1/cmtt/m/n/10 ##  46    178    46     14.2      Macroscelides.proboscideus
       4    2.16[] 
 []


Overfull \hbox (19.31653pt too wide) in paragraph at lines 1272--1272
[]\OT1/cmtt/m/n/10 ##  47    181    47      1.93     Elephantulus.fuscipes     
       4    2.11[] 
 []


Overfull \hbox (19.31653pt too wide) in paragraph at lines 1272--1272
[]\OT1/cmtt/m/n/10 ##  48    182    48      0.678    Elephantulus.fuscus       
       4    2.11[] 
 []


Overfull \hbox (19.31653pt too wide) in paragraph at lines 1272--1272
[]\OT1/cmtt/m/n/10 ##  49    182    49      1.10     Elephantulus.revoili      
       3    1.91[] 
 []


Overfull \hbox (19.57903pt too wide) in paragraph at lines 1272--1272
[]\OT1/cmtt/m/n/10 ##  50    184    50      0.403    Rhynchocyon.chrysopygus   
       6    2.40[] 
 []


Overfull \hbox (19.57903pt too wide) in paragraph at lines 1272--1272
[]\OT1/cmtt/m/n/10 ##  51    185    51      3.30     Rhynchocyon.cirnei        
       6    2.50[] 
 []


Overfull \hbox (19.57903pt too wide) in paragraph at lines 1272--1272
[]\OT1/cmtt/m/n/10 ##  52    185    52      4.33     Rhynchocyon.udzungwensis  
       7    2.69[] 
 []


Overfull \hbox (19.57903pt too wide) in paragraph at lines 1272--1272
[]\OT1/cmtt/m/n/10 ##  53    183    53      2.13     Rhynchocyon.petersi       
       6    2.50[] 
 []


Overfull \hbox (19.57903pt too wide) in paragraph at lines 1272--1272
[]\OT1/cmtt/m/n/10 ##  54    170    54     15.9      Metoldobotes.sp..nov      
       6    2.50[] 
 []


Overfull \hbox (19.31653pt too wide) in paragraph at lines 1272--1272
[]\OT1/cmtt/m/n/10 ##  55    186    55     11.8      Chambius.kasserinensis    
       4    2.11[] 
 []


Overfull \hbox (19.57903pt too wide) in paragraph at lines 1272--1272
[]\OT1/cmtt/m/n/10 ##  56    186    56     11.6      Herodotius.pattersoni     
       5    2.30[] 
 []


Overfull \hbox (19.57903pt too wide) in paragraph at lines 1272--1272
[]\OT1/cmtt/m/n/10 ##  57    188    57      6.59     Orycteropus.afer          
      11    3.39[] 
 []


Overfull \hbox (19.31653pt too wide) in paragraph at lines 1272--1272
[]\OT1/cmtt/m/n/10 ##  58    188    58      0.569    Myorycteropus.africanus   
      10    3.27[] 
 []


Overfull \hbox (19.57903pt too wide) in paragraph at lines 1272--1272
[]\OT1/cmtt/m/n/10 ##  59    194    59      1.86     Dendrohyrax.dorsalis      
       8    2.88[] 
 []


Overfull \hbox (19.57903pt too wide) in paragraph at lines 1272--1272
[]\OT1/cmtt/m/n/10 ##  60    195    60      1.64     Heterohyrax.brucei        
       8    2.88[] 
 []


Overfull \hbox (19.57903pt too wide) in paragraph at lines 1272--1272
[]\OT1/cmtt/m/n/10 ##  61    195    61      0.000068 Procavia.capensis         
       8    2.69[] 
 []


Overfull \hbox (19.57903pt too wide) in paragraph at lines 1272--1272
[]\OT1/cmtt/m/n/10 ##  62    193    62      1.15     Thyrohyrax.domorictus     
       9    3.08[] 
 []


Overfull \hbox (19.57903pt too wide) in paragraph at lines 1272--1272
[]\OT1/cmtt/m/n/10 ##  63    192    63      3.55     Thyrohyrax.meyeri         
       9    3.08[] 
 []


Overfull \hbox (19.31653pt too wide) in paragraph at lines 1272--1272
[]\OT1/cmtt/m/n/10 ##  64    198    64     28.6      Thyrohyrax.litholagus     
      10    3.27[] 
 []


Overfull \hbox (19.57903pt too wide) in paragraph at lines 1272--1272
[]\OT1/cmtt/m/n/10 ##  65    201    65      2.29     Pachyhyrax.crassidentatus 
      12    3.66[] 
 []


Overfull \hbox (19.31653pt too wide) in paragraph at lines 1272--1272
[]\OT1/cmtt/m/n/10 ##  66    201    66      1.45     Bunohyrax.fajumensis      
      11    3.47[] 
 []


Overfull \hbox (19.31653pt too wide) in paragraph at lines 1272--1272
[]\OT1/cmtt/m/n/10 ##  67    202    67      5.44     Geniohyus.mirus           
      11    3.47[] 
 []


Overfull \hbox (19.57903pt too wide) in paragraph at lines 1272--1272
[]\OT1/cmtt/m/n/10 ##  68    202    68     11.4      Bunohyrax.major           
      12    3.66[] 
 []


Overfull \hbox (19.57903pt too wide) in paragraph at lines 1272--1272
[]\OT1/cmtt/m/n/10 ##  69    203    69      0.235    Megalohyrax.eocaenus      
      12    3.66[] 
 []


Overfull \hbox (19.57903pt too wide) in paragraph at lines 1272--1272
[]\OT1/cmtt/m/n/10 ##  70    203    70      7.21     Megalohyrax.sp..nov       
      13    3.86[] 
 []


Overfull \hbox (19.57903pt too wide) in paragraph at lines 1272--1272
[]\OT1/cmtt/m/n/10 ##  71    207    71      0.0699   Titanohyrax.andrewsi      
      13    3.86[] 
 []


Overfull \hbox (19.57903pt too wide) in paragraph at lines 1272--1272
[]\OT1/cmtt/m/n/10 ##  72    207    72     34.6      Titanohyrax.ultimus       
      14    4.05[] 
 []


Overfull \hbox (19.57903pt too wide) in paragraph at lines 1272--1272
[]\OT1/cmtt/m/n/10 ##  73    206    73      0.0353   Titanohyrax.angustidens   
      12    3.66[] 
 []


Overfull \hbox (19.31653pt too wide) in paragraph at lines 1272--1272
[]\OT1/cmtt/m/n/10 ##  74    205    74     13.7      Antilohyrax.pectidens     
      11    3.47[] 
 []


Overfull \hbox (19.31653pt too wide) in paragraph at lines 1272--1272
[]\OT1/cmtt/m/n/10 ##  75    204    75      0.194    Afrohyrax.championi       
      11    3.47[] 
 []


Overfull \hbox (19.31653pt too wide) in paragraph at lines 1272--1272
[]\OT1/cmtt/m/n/10 ##  76    209    76      2.90     Saghatherium.antiquum     
      10    3.27[] 
 []


Overfull \hbox (19.31653pt too wide) in paragraph at lines 1272--1272
[]\OT1/cmtt/m/n/10 ##  77    209    77     15.0      Selenohyrax.chatrathi     
      11    3.47[] 
 []

[16]
Overfull \hbox (19.57903pt too wide) in paragraph at lines 1272--1272
[]\OT1/cmtt/m/n/10 ##  78    208    78     15.8      Saghatherium.bowni        
       9    3.08[] 
 []


Overfull \hbox (19.57903pt too wide) in paragraph at lines 1272--1272
[]\OT1/cmtt/m/n/10 ##  79    211    79      2.82     Seggeurius.amourensis     
       8    2.88[] 
 []


Overfull \hbox (19.57903pt too wide) in paragraph at lines 1272--1272
[]\OT1/cmtt/m/n/10 ##  80    211    80      0.733    Microhyrax.lavocati       
       8    2.88[] 
 []


Overfull \hbox (19.31653pt too wide) in paragraph at lines 1272--1272
[]\OT1/cmtt/m/n/10 ##  81    210    81     18.2      Dimaitherium.patnaiki     
      10    3.27[] 
 []


Overfull \hbox (19.57903pt too wide) in paragraph at lines 1272--1272
[]\OT1/cmtt/m/n/10 ##  82    220    82      5.81     Elephas.maximus           
      15    4.18[] 
 []


Overfull \hbox (19.57903pt too wide) in paragraph at lines 1272--1272
[]\OT1/cmtt/m/n/10 ##  83    222    83      6.12     Elephas.antiquus.falconeri
      12    3.66[] 
 []


Overfull \hbox (19.57903pt too wide) in paragraph at lines 1272--1272
[]\OT1/cmtt/m/n/10 ##  84    222    84      1.90     Elephas.cypriotes         
      12    3.66[] 
 []


Overfull \hbox (19.31653pt too wide) in paragraph at lines 1272--1272
[]\OT1/cmtt/m/n/10 ##  85    221    85      0.340    Elephas.maximus.asurus    
      16    4.44[] 
 []


Overfull \hbox (19.31653pt too wide) in paragraph at lines 1272--1272
[]\OT1/cmtt/m/n/10 ##  86    223    86     16.0      Mammuthus.trogontherii    
      16    4.44[] 
 []


Overfull \hbox (19.31653pt too wide) in paragraph at lines 1272--1272
[]\OT1/cmtt/m/n/10 ##  87    224    87      0.910    Mammuthus.columbi         
      16    4.44[] 
 []


Overfull \hbox (19.31653pt too wide) in paragraph at lines 1272--1272
[]\OT1/cmtt/m/n/10 ##  88    224    88      2.17     Mammuthus.primigenius     
      15    4.24[] 
 []


Overfull \hbox (19.31653pt too wide) in paragraph at lines 1272--1272
[]\OT1/cmtt/m/n/10 ##  89    225    89      1.28     Loxodonta.africana        
      15    4.17[] 
 []


Overfull \hbox (19.31653pt too wide) in paragraph at lines 1272--1272
[]\OT1/cmtt/m/n/10 ##  90    227    90      0.0149   Palaeoloxodon.antiquus    
      16    4.44[] 
 []


Overfull \hbox (19.57903pt too wide) in paragraph at lines 1272--1272
[]\OT1/cmtt/m/n/10 ##  91    227    91     12.8      Palaeoloxodon.namadicus   
      17    4.63[] 
 []


Overfull \hbox (19.31653pt too wide) in paragraph at lines 1272--1272
[]\OT1/cmtt/m/n/10 ##  92    226    92      3.72     Loxodonta.cyclotis        
      15    4.24[] 
 []


Overfull \hbox (19.31653pt too wide) in paragraph at lines 1272--1272
[]\OT1/cmtt/m/n/10 ##  93    228    93     15.3      Mammut.borsoni            
      16    4.44[] 
 []


Overfull \hbox (19.31653pt too wide) in paragraph at lines 1272--1272
[]\OT1/cmtt/m/n/10 ##  94    228    94      0.951    Mammut.americanum         
      16    4.44[] 
 []


Overfull \hbox (19.57903pt too wide) in paragraph at lines 1272--1272
[]\OT1/cmtt/m/n/10 ##  95    216    95      3.64     Phiomia.spp               
      14    4.05[] 
 []


Overfull \hbox (19.57903pt too wide) in paragraph at lines 1272--1272
[]\OT1/cmtt/m/n/10 ##  96    230    96      0.0280   Omanitherium.dhofarensis  
      13    3.86[] 
 []


Overfull \hbox (19.57903pt too wide) in paragraph at lines 1272--1272
[]\OT1/cmtt/m/n/10 ##  97    230    97      7.29     Arcanotherium.savagei     
      13    3.86[] 
 []


Overfull \hbox (19.31653pt too wide) in paragraph at lines 1272--1272
[]\OT1/cmtt/m/n/10 ##  98    229    98     73.6      Barytherium.spp           
      15    4.24[] 
 []


Overfull \hbox (19.57903pt too wide) in paragraph at lines 1272--1272
[]\OT1/cmtt/m/n/10 ##  99    214    99      5.71     Moeritherium.spp          
      14    4.05[] 
 []


Overfull \hbox (19.31653pt too wide) in paragraph at lines 1272--1272
[]\OT1/cmtt/m/n/10 ## 100    231   100    326.       Phosphatherium.escuilliei 
      10    3.27[] 
 []


Overfull \hbox (19.57903pt too wide) in paragraph at lines 1272--1272
[]\OT1/cmtt/m/n/10 ## 101    232   101      2.29     Numidotherium.koholense   
      13    3.86[] 
 []


Overfull \hbox (19.57903pt too wide) in paragraph at lines 1272--1272
[]\OT1/cmtt/m/n/10 ## 102    232   102      0.742    Daouitherium.rebouli      
      13    3.86[] 
 []


Overfull \hbox (19.57903pt too wide) in paragraph at lines 1272--1272
[]\OT1/cmtt/m/n/10 ## 103    235   103      5.85     Dugong.dugon              
      13    4.29[] 
 []


Overfull \hbox (19.31653pt too wide) in paragraph at lines 1272--1272
[]\OT1/cmtt/m/n/10 ## 104    235   104    173.       Hydrodamalis.gigas        
      16    4.44[] 
 []


Overfull \hbox (19.57903pt too wide) in paragraph at lines 1272--1272
[]\OT1/cmtt/m/n/10 ## 105    237   105      0.688    Trichechus.inunguis       
      13    3.69[] 
 []


Overfull \hbox (19.57903pt too wide) in paragraph at lines 1272--1272
[]\OT1/cmtt/m/n/10 ## 106    237   106      1.39     Trichechus.manatus        
      13    4.23[] 
 []


Overfull \hbox (19.57903pt too wide) in paragraph at lines 1272--1272
[]\OT1/cmtt/m/n/10 ## 107    236   107      0.574    Trichechus.senegalensis   
      13    3.86[] 
 []


Overfull \hbox (19.31653pt too wide) in paragraph at lines 1272--1272
[]\OT1/cmtt/m/n/10 ## 108    238   108     13.6      Prorastomus.sirenoides    
      11    3.47[] 
 []


Overfull \hbox (19.57903pt too wide) in paragraph at lines 1272--1272
[]\OT1/cmtt/m/n/10 ## 109    238   109     33.7      Protosiren.smithae        
      13    3.86[] 
 []


Overfull \hbox (19.31653pt too wide) in paragraph at lines 1272--1272
[]\OT1/cmtt/m/n/10 ## 110    241   110      0.640    Choloepus.didactylus      
       9    3.61[] 
 []


Overfull \hbox (19.31653pt too wide) in paragraph at lines 1272--1272
[]\OT1/cmtt/m/n/10 ## 111    241   111      0.316    Choloepus.hoffmanni       
       8    3.71[] 
 []


Overfull \hbox (19.57903pt too wide) in paragraph at lines 1272--1272
[]\OT1/cmtt/m/n/10 ## 112    242   112      0.0297   Bradypus.torquatus        
       8    2.88[] 
 []


Overfull \hbox (19.57903pt too wide) in paragraph at lines 1272--1272
[]\OT1/cmtt/m/n/10 ## 113    243   113      0.483    Bradypus.tridactylus      
       8    2.88[] 
 []


Overfull \hbox (19.57903pt too wide) in paragraph at lines 1272--1272
[]\OT1/cmtt/m/n/10 ## 114    243   114      0.512    Bradypus.variegatus       
       8    2.88[] 
 []


Overfull \hbox (19.31653pt too wide) in paragraph at lines 1272--1272
[]\OT1/cmtt/m/n/10 ## 115    245   115     10.4      Tamandua.tetradactyla     
       9    2.94[] 
 []


Overfull \hbox (19.57903pt too wide) in paragraph at lines 1272--1272
[]\OT1/cmtt/m/n/10 ## 116    245   116     41.0      Myrmecophaga.tridactyla   
      10    3.43[] 
 []


Overfull \hbox (19.57903pt too wide) in paragraph at lines 1272--1272
[]\OT1/cmtt/m/n/10 ## 117    244   117      2.15     Cyclopes.didactylus       
       9    3.08[] 
 []


Overfull \hbox (19.57903pt too wide) in paragraph at lines 1272--1272
[]\OT1/cmtt/m/n/10 ## 118    249   118     15.0      Euphractus.sexcinctus     
       8    3.10[] 
 []


Overfull \hbox (19.57903pt too wide) in paragraph at lines 1272--1272
[]\OT1/cmtt/m/n/10 ## 119    249   119      5.54     Zaedyus.pichiy            
       7    2.53[] 
 []


Overfull \hbox (19.57903pt too wide) in paragraph at lines 1272--1272
[]\OT1/cmtt/m/n/10 ## 120    250   120      0.0899   Chaetophractus.nationi    
       8    2.88[] 
 []


Overfull \hbox (19.57903pt too wide) in paragraph at lines 1272--1272
[]\OT1/cmtt/m/n/10 ## 121    250   121      0.418    Chaetophractus.villosus   
       8    3.23[] 
 []


Overfull \hbox (19.31653pt too wide) in paragraph at lines 1272--1272
[]\OT1/cmtt/m/n/10 ## 122    251   122    268.       Priodontes.maximus        
      11    2.71[] 
 []


Overfull \hbox (19.31653pt too wide) in paragraph at lines 1272--1272
[]\OT1/cmtt/m/n/10 ## 123    252   123     16.0      Tolypeutes.matacus        
       7    3.61[] 
 []


Overfull \hbox (19.57903pt too wide) in paragraph at lines 1272--1272
[]\OT1/cmtt/m/n/10 ## 124    252   124      0.248    Cabassous.centralis       
       8    2.88[] 
 []


Overfull \hbox (19.57903pt too wide) in paragraph at lines 1272--1272
[]\OT1/cmtt/m/n/10 ## 125    253   125      4.05     Dasypus.hybridus          
       7    2.69[] 
 []


Overfull \hbox (19.57903pt too wide) in paragraph at lines 1272--1272
[]\OT1/cmtt/m/n/10 ## 126    253   126     74.1      Dasypus.kappleri          
       9    3.08[] 
 []


Overfull \hbox (19.57903pt too wide) in paragraph at lines 1272--1272
[]\OT1/cmtt/m/n/10 ## 127    253   127     14.7      Dasypus.novemcinctus      
       8    3.10[] 
 []


Overfull \hbox (19.57903pt too wide) in paragraph at lines 1272--1272
[]\OT1/cmtt/m/n/10 ## 128    253   128     12.2      Dasypus.sabanicola        
       7    2.69[] 
 []


Overfull \hbox (19.57903pt too wide) in paragraph at lines 1272--1272
[]\OT1/cmtt/m/n/10 ## 129    253   129      4.44     Dasypus.septemcinctus     
       7    2.82[] 
 []

[17]
Overfull \hbox (19.57903pt too wide) in paragraph at lines 1272--1272
[]\OT1/cmtt/m/n/10 ## 130    130   130     NA        Atlantogenata             
       2    1.72[] 
 []


Overfull \hbox (19.57903pt too wide) in paragraph at lines 1272--1272
[]\OT1/cmtt/m/n/10 ## 131    130   131      0.000982 Afrotheria                
       6    2.50[] 
 []


Overfull \hbox (19.31653pt too wide) in paragraph at lines 1272--1272
[]\OT1/cmtt/m/n/10 ## 132    131   132     44.5      Afrosorcida               
       4    2.11[] 
 []


Overfull \hbox (19.31653pt too wide) in paragraph at lines 1272--1272
[]\OT1/cmtt/m/n/10 ## 133    132   133     11.8      <NA>                      
       4    2.11[] 
 []


Overfull \hbox (19.31653pt too wide) in paragraph at lines 1272--1272
[]\OT1/cmtt/m/n/10 ## 134    133   134      0.420    <NA>                      
       4    2.11[] 
 []


Overfull \hbox (19.31653pt too wide) in paragraph at lines 1272--1272
[]\OT1/cmtt/m/n/10 ## 135    134   135     10.1      <NA>                      
       3    1.91[] 
 []


Overfull \hbox (19.31653pt too wide) in paragraph at lines 1272--1272
[]\OT1/cmtt/m/n/10 ## 136    135   136      0.373    <NA>                      
       3    1.91[] 
 []


Overfull \hbox (19.31653pt too wide) in paragraph at lines 1272--1272
[]\OT1/cmtt/m/n/10 ## 137    136   137      2.96     <NA>                      
       3    1.91[] 
 []


Overfull \hbox (19.31653pt too wide) in paragraph at lines 1272--1272
[]\OT1/cmtt/m/n/10 ## 138    137   138      2.69     <NA>                      
       3    1.91[] 
 []


Overfull \hbox (19.57903pt too wide) in paragraph at lines 1272--1272
[]\OT1/cmtt/m/n/10 ## 139    138   139      0.450    <NA>                      
       2    1.72[] 
 []


Overfull \hbox (19.31653pt too wide) in paragraph at lines 1272--1272
[]\OT1/cmtt/m/n/10 ## 140    139   140      3.36     <NA>                      
       3    1.91[] 
 []


Overfull \hbox (19.31653pt too wide) in paragraph at lines 1272--1272
[]\OT1/cmtt/m/n/10 ## 141    137   141      0.153    <NA>                      
       3    1.91[] 
 []


Overfull \hbox (19.57903pt too wide) in paragraph at lines 1272--1272
[]\OT1/cmtt/m/n/10 ## 142    141   142      0.116    <NA>                      
       2    1.72[] 
 []


Overfull \hbox (19.57903pt too wide) in paragraph at lines 1272--1272
[]\OT1/cmtt/m/n/10 ## 143    141   143      0.222    <NA>                      
       2    1.72[] 
 []


Overfull \hbox (19.57903pt too wide) in paragraph at lines 1272--1272
[]\OT1/cmtt/m/n/10 ## 144    143   144      0.771    <NA>                      
       2    1.72[] 
 []


Overfull \hbox (19.31653pt too wide) in paragraph at lines 1272--1272
[]\OT1/cmtt/m/n/10 ## 145    144   145      0.109    <NA>                      
       3    1.91[] 
 []


Overfull \hbox (19.57903pt too wide) in paragraph at lines 1272--1272
[]\OT1/cmtt/m/n/10 ## 146    134   146     38.5      <NA>                      
       5    2.30[] 
 []


Overfull \hbox (19.31653pt too wide) in paragraph at lines 1272--1272
[]\OT1/cmtt/m/n/10 ## 147    146   147      1.81     <NA>                      
       3    1.91[] 
 []


Overfull \hbox (19.31653pt too wide) in paragraph at lines 1272--1272
[]\OT1/cmtt/m/n/10 ## 148    146   148      5.26     <NA>                      
       3    1.91[] 
 []


Overfull \hbox (19.31653pt too wide) in paragraph at lines 1272--1272
[]\OT1/cmtt/m/n/10 ## 149    133   149      4.28     <NA>                      
       3    1.91[] 
 []


Overfull \hbox (19.57903pt too wide) in paragraph at lines 1272--1272
[]\OT1/cmtt/m/n/10 ## 150    149   150     52.3      <NA>                      
       5    2.30[] 
 []


Overfull \hbox (19.31653pt too wide) in paragraph at lines 1272--1272
[]\OT1/cmtt/m/n/10 ## 151    149   151     15.6      <NA>                      
       3    1.91[] 
 []


Overfull \hbox (19.31653pt too wide) in paragraph at lines 1272--1272
[]\OT1/cmtt/m/n/10 ## 152    132   152     12.0      <NA>                      
       4    2.11[] 
 []


Overfull \hbox (19.31653pt too wide) in paragraph at lines 1272--1272
[]\OT1/cmtt/m/n/10 ## 153    152   153      0.0295   <NA>                      
       4    2.11[] 
 []


Overfull \hbox (19.31653pt too wide) in paragraph at lines 1272--1272
[]\OT1/cmtt/m/n/10 ## 154    153   154      0.173    <NA>                      
       3    1.91[] 
 []


Overfull \hbox (19.31653pt too wide) in paragraph at lines 1272--1272
[]\OT1/cmtt/m/n/10 ## 155    154   155      0.0141   <NA>                      
       3    1.91[] 
 []


Overfull \hbox (19.31653pt too wide) in paragraph at lines 1272--1272
[]\OT1/cmtt/m/n/10 ## 156    155   156      0.107    <NA>                      
       4    2.11[] 
 []


Overfull \hbox (19.31653pt too wide) in paragraph at lines 1272--1272
[]\OT1/cmtt/m/n/10 ## 157    156   157      0.00544  <NA>                      
       3    1.91[] 
 []


Overfull \hbox (19.31653pt too wide) in paragraph at lines 1272--1272
[]\OT1/cmtt/m/n/10 ## 158    157   158      0.102    <NA>                      
       3    1.91[] 
 []


Overfull \hbox (19.31653pt too wide) in paragraph at lines 1272--1272
[]\OT1/cmtt/m/n/10 ## 159    156   159      0.150    <NA>                      
       3    1.91[] 
 []


Overfull \hbox (19.31653pt too wide) in paragraph at lines 1272--1272
[]\OT1/cmtt/m/n/10 ## 160    159   160      0.483    <NA>                      
       3    1.91[] 
 []


Overfull \hbox (19.31653pt too wide) in paragraph at lines 1272--1272
[]\OT1/cmtt/m/n/10 ## 161    160   161      0.321    <NA>                      
       3    1.91[] 
 []


Overfull \hbox (19.31653pt too wide) in paragraph at lines 1272--1272
[]\OT1/cmtt/m/n/10 ## 162    161   162      0.00743  <NA>                      
       4    2.11[] 
 []


Overfull \hbox (19.31653pt too wide) in paragraph at lines 1272--1272
[]\OT1/cmtt/m/n/10 ## 163    155   163      2.12     <NA>                      
       3    1.91[] 
 []


Overfull \hbox (19.31653pt too wide) in paragraph at lines 1272--1272
[]\OT1/cmtt/m/n/10 ## 164    154   164      0.774    <NA>                      
       4    2.11[] 
 []


Overfull \hbox (19.57903pt too wide) in paragraph at lines 1272--1272
[]\OT1/cmtt/m/n/10 ## 165    164   165     18.6      <NA>                      
       5    2.30[] 
 []


Overfull \hbox (19.31653pt too wide) in paragraph at lines 1272--1272
[]\OT1/cmtt/m/n/10 ## 166    152   166      0.260    <NA>                      
       3    1.91[] 
 []


Overfull \hbox (19.31653pt too wide) in paragraph at lines 1272--1272
[]\OT1/cmtt/m/n/10 ## 167    166   167      0.155    <NA>                      
       3    1.91[] 
 []


Overfull \hbox (19.57903pt too wide) in paragraph at lines 1272--1272
[]\OT1/cmtt/m/n/10 ## 168    131   168      0.00016  <NA>                      
       6    2.50[] 
 []


Overfull \hbox (19.57903pt too wide) in paragraph at lines 1272--1272
[]\OT1/cmtt/m/n/10 ## 169    168   169      2.49     Macroscelidae             
       5    2.30[] 
 []


Overfull \hbox (19.57903pt too wide) in paragraph at lines 1272--1272
[]\OT1/cmtt/m/n/10 ## 170    169   170      0.105    <NA>                      
       5    2.30[] 
 []


Overfull \hbox (19.57903pt too wide) in paragraph at lines 1272--1272
[]\OT1/cmtt/m/n/10 ## 171    170   171      4.23     <NA>                      
       5    2.30[] 
 []


Overfull \hbox (19.31653pt too wide) in paragraph at lines 1272--1272
[]\OT1/cmtt/m/n/10 ## 172    171   172      6.20     <NA>                      
       3    1.91[] 
 []


Overfull \hbox (19.31653pt too wide) in paragraph at lines 1272--1272
[]\OT1/cmtt/m/n/10 ## 173    172   173      0.977    <NA>                      
       3    1.91[] 
 []


Overfull \hbox (19.31653pt too wide) in paragraph at lines 1272--1272
[]\OT1/cmtt/m/n/10 ## 174    173   174      0.448    <NA>                      
       4    2.11[] 
 []


Overfull \hbox (19.31653pt too wide) in paragraph at lines 1272--1272
[]\OT1/cmtt/m/n/10 ## 175    174   175      0.349    <NA>                      
       4    2.11[] 
 []


Overfull \hbox (19.31653pt too wide) in paragraph at lines 1272--1272
[]\OT1/cmtt/m/n/10 ## 176    174   176      0.176    <NA>                      
       4    2.11[] 
 []


Overfull \hbox (19.31653pt too wide) in paragraph at lines 1272--1272
[]\OT1/cmtt/m/n/10 ## 177    173   177      1.62     <NA>                      
       4    2.11[] 
 []


Overfull \hbox (19.31653pt too wide) in paragraph at lines 1272--1272
[]\OT1/cmtt/m/n/10 ## 178    172   178      0.155    <NA>                      
       3    1.91[] 
 []


Overfull \hbox (19.31653pt too wide) in paragraph at lines 1272--1272
[]\OT1/cmtt/m/n/10 ## 179    178   179      0.180    <NA>                      
       4    2.11[] 
 []


Overfull \hbox (19.57903pt too wide) in paragraph at lines 1272--1272
[]\OT1/cmtt/m/n/10 ## 180    171   180      0.100    <NA>                      
       5    2.30[] 
 []


Overfull \hbox (19.31653pt too wide) in paragraph at lines 1272--1272
[]\OT1/cmtt/m/n/10 ## 181    180   181     11.2      <NA>                      
       3    1.91[] 
 []

[18]
Overfull \hbox (19.31653pt too wide) in paragraph at lines 1272--1272
[]\OT1/cmtt/m/n/10 ## 182    181   182     12.0      <NA>                      
       3    1.91[] 
 []


Overfull \hbox (19.31653pt too wide) in paragraph at lines 1272--1272
[]\OT1/cmtt/m/n/10 ## 183    180   183     30.6      <NA>                      
       3    1.91[] 
 []


Overfull \hbox (19.31653pt too wide) in paragraph at lines 1272--1272
[]\OT1/cmtt/m/n/10 ## 184    183   184      2.34     <NA>                      
       3    1.91[] 
 []


Overfull \hbox (19.31653pt too wide) in paragraph at lines 1272--1272
[]\OT1/cmtt/m/n/10 ## 185    184   185      0.0165   <NA>                      
       3    1.91[] 
 []


Overfull \hbox (19.57903pt too wide) in paragraph at lines 1272--1272
[]\OT1/cmtt/m/n/10 ## 186    169   186      4.53     <NA>                      
       5    2.30[] 
 []


Overfull \hbox (19.31653pt too wide) in paragraph at lines 1272--1272
[]\OT1/cmtt/m/n/10 ## 187    168   187    546.       Pseudoungulata            
      10    3.27[] 
 []


Overfull \hbox (19.31653pt too wide) in paragraph at lines 1272--1272
[]\OT1/cmtt/m/n/10 ## 188    187   188     12.9      <NA>                      
      10    3.27[] 
 []


Overfull \hbox (19.31653pt too wide) in paragraph at lines 1272--1272
[]\OT1/cmtt/m/n/10 ## 189    187   189      4.42     Paenungulata              
      10    3.27[] 
 []


Overfull \hbox (19.57903pt too wide) in paragraph at lines 1272--1272
[]\OT1/cmtt/m/n/10 ## 190    189   190      6.90     <NA>                      
       5    2.30[] 
 []


Overfull \hbox (19.31653pt too wide) in paragraph at lines 1272--1272
[]\OT1/cmtt/m/n/10 ## 191    190   191      1.47     <NA>                      
      10    3.27[] 
 []


Overfull \hbox (19.57903pt too wide) in paragraph at lines 1272--1272
[]\OT1/cmtt/m/n/10 ## 192    191   192     17.9      <NA>                      
       9    3.08[] 
 []


Overfull \hbox (19.57903pt too wide) in paragraph at lines 1272--1272
[]\OT1/cmtt/m/n/10 ## 193    192   193      0.00758  <NA>                      
       9    3.08[] 
 []


Overfull \hbox (19.57903pt too wide) in paragraph at lines 1272--1272
[]\OT1/cmtt/m/n/10 ## 194    193   194     19.5      <NA>                      
       5    2.30[] 
 []


Overfull \hbox (19.57903pt too wide) in paragraph at lines 1272--1272
[]\OT1/cmtt/m/n/10 ## 195    194   195      2.67     <NA>                      
       5    2.30[] 
 []


Overfull \hbox (19.31653pt too wide) in paragraph at lines 1272--1272
[]\OT1/cmtt/m/n/10 ## 196    191   196      5.61     <NA>                      
       3    1.91[] 
 []


Overfull \hbox (19.31653pt too wide) in paragraph at lines 1272--1272
[]\OT1/cmtt/m/n/10 ## 197    196   197      8.46     <NA>                      
       3    1.91[] 
 []


Overfull \hbox (19.31653pt too wide) in paragraph at lines 1272--1272
[]\OT1/cmtt/m/n/10 ## 198    197   198      0.602    <NA>                      
      11    3.47[] 
 []


Overfull \hbox (19.57903pt too wide) in paragraph at lines 1272--1272
[]\OT1/cmtt/m/n/10 ## 199    198   199      8.81     <NA>                      
      12    3.66[] 
 []


Overfull \hbox (19.31653pt too wide) in paragraph at lines 1272--1272
[]\OT1/cmtt/m/n/10 ## 200    199   200      0.347    <NA>                      
       3    1.91[] 
 []


Overfull \hbox (19.57903pt too wide) in paragraph at lines 1272--1272
[]\OT1/cmtt/m/n/10 ## 201    200   201      0.177    <NA>                      
      12    3.66[] 
 []


Overfull \hbox (19.31653pt too wide) in paragraph at lines 1272--1272
[]\OT1/cmtt/m/n/10 ## 202    200   202      0.584    <NA>                      
       3    1.91[] 
 []


Overfull \hbox (19.57903pt too wide) in paragraph at lines 1272--1272
[]\OT1/cmtt/m/n/10 ## 203    199   203      8.90     <NA>                      
      12    3.66[] 
 []


Overfull \hbox (19.31653pt too wide) in paragraph at lines 1272--1272
[]\OT1/cmtt/m/n/10 ## 204    197   204      9.93     <NA>                      
      11    3.47[] 
 []


Overfull \hbox (19.57903pt too wide) in paragraph at lines 1272--1272
[]\OT1/cmtt/m/n/10 ## 205    204   205      1.23     <NA>                      
      12    3.66[] 
 []


Overfull \hbox (19.31653pt too wide) in paragraph at lines 1272--1272
[]\OT1/cmtt/m/n/10 ## 206    205   206     22.2      <NA>                      
       3    1.91[] 
 []


Overfull \hbox (19.57903pt too wide) in paragraph at lines 1272--1272
[]\OT1/cmtt/m/n/10 ## 207    206   207     10.2      <NA>                      
      13    3.86[] 
 []


Overfull \hbox (19.31653pt too wide) in paragraph at lines 1272--1272
[]\OT1/cmtt/m/n/10 ## 208    196   208      6.63     <NA>                      
       3    1.91[] 
 []


Overfull \hbox (19.31653pt too wide) in paragraph at lines 1272--1272
[]\OT1/cmtt/m/n/10 ## 209    208   209      1.16     <NA>                      
      10    3.27[] 
 []


Overfull \hbox (19.57903pt too wide) in paragraph at lines 1272--1272
[]\OT1/cmtt/m/n/10 ## 210    190   210     22.7      <NA>                      
       9    3.08[] 
 []


Overfull \hbox (19.57903pt too wide) in paragraph at lines 1272--1272
[]\OT1/cmtt/m/n/10 ## 211    210   211      8.32     <NA>                      
       8    2.88[] 
 []


Overfull \hbox (19.57903pt too wide) in paragraph at lines 1272--1272
[]\OT1/cmtt/m/n/10 ## 212    189   212    187.       Tethytheria               
      13    3.86[] 
 []


Overfull \hbox (19.31653pt too wide) in paragraph at lines 1272--1272
[]\OT1/cmtt/m/n/10 ## 213    212   213      3.40     <NA>                      
       3    1.91[] 
 []


Overfull \hbox (19.57903pt too wide) in paragraph at lines 1272--1272
[]\OT1/cmtt/m/n/10 ## 214    213   214      6.37     <NA>                      
      13    3.86[] 
 []


Overfull \hbox (19.57903pt too wide) in paragraph at lines 1272--1272
[]\OT1/cmtt/m/n/10 ## 215    214   215      1.15     <NA>                      
      14    4.05[] 
 []


Overfull \hbox (19.31653pt too wide) in paragraph at lines 1272--1272
[]\OT1/cmtt/m/n/10 ## 216    215   216     13.4      <NA>                      
       3    1.91[] 
 []


Overfull \hbox (19.31653pt too wide) in paragraph at lines 1272--1272
[]\OT1/cmtt/m/n/10 ## 217    216   217     30.3      Proboscidae               
       3    1.91[] 
 []


Overfull \hbox (19.31653pt too wide) in paragraph at lines 1272--1272
[]\OT1/cmtt/m/n/10 ## 218    217   218      2.21     Elephantidae              
      15    4.24[] 
 []


Overfull \hbox (19.31653pt too wide) in paragraph at lines 1272--1272
[]\OT1/cmtt/m/n/10 ## 219    218   219      0.0116   Elephantina               
      16    4.44[] 
 []


Overfull \hbox (19.31653pt too wide) in paragraph at lines 1272--1272
[]\OT1/cmtt/m/n/10 ## 220    219   220      0.128    <NA>                      
      15    4.24[] 
 []


Overfull \hbox (19.31653pt too wide) in paragraph at lines 1272--1272
[]\OT1/cmtt/m/n/10 ## 221    220   221      0.369    <NA>                      
       3    1.91[] 
 []


Overfull \hbox (19.31653pt too wide) in paragraph at lines 1272--1272
[]\OT1/cmtt/m/n/10 ## 222    221   222    400.       <NA>                      
       3    1.91[] 
 []


Overfull \hbox (19.31653pt too wide) in paragraph at lines 1272--1272
[]\OT1/cmtt/m/n/10 ## 223    219   223      0.645    <NA>                      
       3    1.91[] 
 []


Overfull \hbox (19.31653pt too wide) in paragraph at lines 1272--1272
[]\OT1/cmtt/m/n/10 ## 224    223   224      0.467    Mammuthus                 
      16    4.44[] 
 []


Overfull \hbox (19.31653pt too wide) in paragraph at lines 1272--1272
[]\OT1/cmtt/m/n/10 ## 225    218   225      0.108    Loxodontini               
      16    4.44[] 
 []


Overfull \hbox (19.31653pt too wide) in paragraph at lines 1272--1272
[]\OT1/cmtt/m/n/10 ## 226    225   226      0.862    Loxodona                  
      16    4.44[] 
 []


Overfull \hbox (19.31653pt too wide) in paragraph at lines 1272--1272
[]\OT1/cmtt/m/n/10 ## 227    226   227      6.09     <NA>                      
       3    1.91[] 
 []


Overfull \hbox (19.31653pt too wide) in paragraph at lines 1272--1272
[]\OT1/cmtt/m/n/10 ## 228    217   228      9.63     <NA>                      
       3    1.91[] 
 []


Overfull \hbox (19.31653pt too wide) in paragraph at lines 1272--1272
[]\OT1/cmtt/m/n/10 ## 229    215   229      0.197    <NA>                      
       3    1.91[] 
 []


Overfull \hbox (19.31653pt too wide) in paragraph at lines 1272--1272
[]\OT1/cmtt/m/n/10 ## 230    229   230      2.47     <NA>                      
       3    1.91[] 
 []


Overfull \hbox (19.57903pt too wide) in paragraph at lines 1272--1272
[]\OT1/cmtt/m/n/10 ## 231    213   231      0.128    <NA>                      
      13    3.86[] 
 []


Overfull \hbox (19.31653pt too wide) in paragraph at lines 1272--1272
[]\OT1/cmtt/m/n/10 ## 232    231   232      0.268    <NA>                      
       3    1.91[] 
 []


Overfull \hbox (19.57903pt too wide) in paragraph at lines 1272--1272
[]\OT1/cmtt/m/n/10 ## 233    212   233      0.309    <NA>                      
      12    3.66[] 
 []

[19]
Overfull \hbox (19.31653pt too wide) in paragraph at lines 1272--1272
[]\OT1/cmtt/m/n/10 ## 234    233   234     16.4      <NA>                      
       3    1.91[] 
 []


Overfull \hbox (19.31653pt too wide) in paragraph at lines 1272--1272
[]\OT1/cmtt/m/n/10 ## 235    234   235      0.530    <NA>                      
       3    1.91[] 
 []


Overfull \hbox (19.31653pt too wide) in paragraph at lines 1272--1272
[]\OT1/cmtt/m/n/10 ## 236    234   236      0.134    <NA>                      
       3    1.91[] 
 []


Overfull \hbox (19.31653pt too wide) in paragraph at lines 1272--1272
[]\OT1/cmtt/m/n/10 ## 237    236   237      0.145    <NA>                      
       3    1.91[] 
 []


Overfull \hbox (19.31653pt too wide) in paragraph at lines 1272--1272
[]\OT1/cmtt/m/n/10 ## 238    233   238      3.59     <NA>                      
       3    1.91[] 
 []


Overfull \hbox (19.31653pt too wide) in paragraph at lines 1272--1272
[]\OT1/cmtt/m/n/10 ## 239    130   239    125.       Xenarthra                 
      11    3.47[] 
 []


Overfull \hbox (19.31653pt too wide) in paragraph at lines 1272--1272
[]\OT1/cmtt/m/n/10 ## 240    239   240     14.6      <NA>                      
       3    1.91[] 
 []


Overfull \hbox (19.31653pt too wide) in paragraph at lines 1272--1272
[]\OT1/cmtt/m/n/10 ## 241    240   241      3.04     <NA>                      
       3    1.91[] 
 []


Overfull \hbox (19.31653pt too wide) in paragraph at lines 1272--1272
[]\OT1/cmtt/m/n/10 ## 242    240   242      0.0660   <NA>                      
      11    3.47[] 
 []


Overfull \hbox (19.31653pt too wide) in paragraph at lines 1272--1272
[]\OT1/cmtt/m/n/10 ## 243    242   243      0.112    <NA>                      
      11    3.47[] 
 []


Overfull \hbox (19.31653pt too wide) in paragraph at lines 1272--1272
[]\OT1/cmtt/m/n/10 ## 244    239   244     15.1      <NA>                      
       3    1.91[] 
 []


Overfull \hbox (19.57903pt too wide) in paragraph at lines 1272--1272
[]\OT1/cmtt/m/n/10 ## 245    244   245     21.7      <NA>                      
       9    3.08[] 
 []


Overfull \hbox (19.31653pt too wide) in paragraph at lines 1272--1272
[]\OT1/cmtt/m/n/10 ## 246    239   246      0.958    <NA>                      
      10    3.27[] 
 []


Overfull \hbox (19.31653pt too wide) in paragraph at lines 1272--1272
[]\OT1/cmtt/m/n/10 ## 247    246   247      0.0602   <NA>                      
       3    1.91[] 
 []


Overfull \hbox (19.31653pt too wide) in paragraph at lines 1272--1272
[]\OT1/cmtt/m/n/10 ## 248    247   248      0.0914   <NA>                      
       3    1.91[] 
 []


Overfull \hbox (19.57903pt too wide) in paragraph at lines 1272--1272
[]\OT1/cmtt/m/n/10 ## 249    248   249      0.000579 <NA>                      
       8    2.88[] 
 []


Overfull \hbox (19.31653pt too wide) in paragraph at lines 1272--1272
[]\OT1/cmtt/m/n/10 ## 250    248   250      0.000908 <NA>                      
      11    3.47[] 
 []


Overfull \hbox (19.31653pt too wide) in paragraph at lines 1272--1272
[]\OT1/cmtt/m/n/10 ## 251    247   251      0.217    <NA>                      
       3    1.91[] 
 []


Overfull \hbox (19.31653pt too wide) in paragraph at lines 1272--1272
[]\OT1/cmtt/m/n/10 ## 252    251   252      0.0523   <NA>                      
      11    3.47[] 
 []


Overfull \hbox (19.57903pt too wide) in paragraph at lines 1272--1272
[]\OT1/cmtt/m/n/10 ## 253    246   253      0.140    <NA>                      
       8    2.88[] 
 []

[20] [21] 
AED: lastpage setting LastPage
[22]
Package atveryend Info: Empty hook `BeforeClearDocument' on input line 1480.
Package atveryend Info: Empty hook `AfterLastShipout' on input line 1480.
(./paper_PLOS_draft.aux)
Package atveryend Info: Executing hook `AtVeryEndDocument' on input line 1480.
Package atveryend Info: Executing hook `AtEndAfterFileList' on input line 1480.

Package rerunfilecheck Info: File `paper_PLOS_draft.out' has not changed.
(rerunfilecheck)             Checksum: 71B4E41F900016BA6914446D3FDD0516;1384.
Package atveryend Info: Empty hook `AtVeryVeryEnd' on input line 1480.
 ) 
Here is how much of TeX's memory you used:
 12137 strings out of 493603
 185156 string characters out of 6148014
 348793 words of memory out of 5000000
 15312 multiletter control sequences out of 15000+600000
 9847 words of font info for 60 fonts, out of 8000000 for 9000
 805 hyphenation exceptions out of 8191
 42i,11n,43p,395b,479s stack positions out of 5000i,500n,10000p,200000b,80000s
</software/texlive-2017-el7-x86_64/texmf-dist/fonts/type1/public/amsfonts/cm/
cmbx10.pfb></software/texlive-2017-el7-x86_64/texmf-dist/fonts/type1/public/ams
fonts/cm/cmbx12.pfb></software/texlive-2017-el7-x86_64/texmf-dist/fonts/type1/p
ublic/amsfonts/cm/cmbxti10.pfb></software/texlive-2017-el7-x86_64/texmf-dist/fo
nts/type1/public/amsfonts/cm/cmmi10.pfb></software/texlive-2017-el7-x86_64/texm
f-dist/fonts/type1/public/amsfonts/cm/cmr10.pfb></software/texlive-2017-el7-x86
_64/texmf-dist/fonts/type1/public/amsfonts/cm/cmr12.pfb></software/texlive-2017
-el7-x86_64/texmf-dist/fonts/type1/public/amsfonts/cm/cmr7.pfb></software/texli
ve-2017-el7-x86_64/texmf-dist/fonts/type1/public/amsfonts/cm/cmss8.pfb></softwa
re/texlive-2017-el7-x86_64/texmf-dist/fonts/type1/public/amsfonts/cm/cmsy10.pfb
></software/texlive-2017-el7-x86_64/texmf-dist/fonts/type1/public/amsfonts/cm/c
mti10.pfb></software/texlive-2017-el7-x86_64/texmf-dist/fonts/type1/public/amsf
onts/cm/cmtt10.pfb>
Output written on paper_PLOS_draft.pdf (22 pages, 529610 bytes).
PDF statistics:
 351 PDF objects out of 1000 (max. 8388607)
 303 compressed objects within 4 object streams
 88 named destinations out of 1000 (max. 500000)
 10891 words of extra memory for PDF output out of 12000 (max. 10000000)

